[2020-03-06 15:28:03.902] [renderer1] [error] [text file model] handleSaveError(0) - exit - resulted in a save error: Error: Unable to write file '/home/jowie/.config/awesome/rc.lua' (Error: File Modified Since) file:///home/jowie/.config/awesome/rc.lua
[2020-03-06 15:28:03.925] [renderer1] [error] [text file model] handleSaveError(0) - exit - resulted in a save error: Error: Unable to write file '/home/jowie/.config/awesome/rc.lua' (Error: File Modified Since) file:///home/jowie/.config/awesome/rc.lua
[2020-03-06 16:13:12.342] [renderer1] [error] TreeError [MarkersView] Tree element not found: [object Object]: Error: TreeError [MarkersView] Tree element not found: [object Object]
    at t.ObjectTreeModel.getElementLocation (file:///usr/lib/code-oss/resources/app/out/vs/workbench/workbench.desktop.main.js:135:14)
    at t.ObjectTreeModel.isCollapsed (file:///usr/lib/code-oss/resources/app/out/vs/workbench/workbench.desktop.main.js:134:122)
    at H.isCollapsed (file:///usr/lib/code-oss/resources/app/out/vs/workbench/workbench.desktop.main.js:1070:430)
    at K.autoReveal (file:///usr/lib/code-oss/resources/app/out/vs/workbench/workbench.desktop.main.js:6310:830)
    at K.onActiveEditorChanged (file:///usr/lib/code-oss/resources/app/out/vs/workbench/workbench.desktop.main.js:6307:1005)
    at file:///usr/lib/code-oss/resources/app/out/vs/workbench/workbench.desktop.main.js:6306:862
    at file:///usr/lib/code-oss/resources/app/out/vs/workbench/workbench.desktop.main.js:113:203
    at c.fire (file:///usr/lib/code-oss/resources/app/out/vs/workbench/workbench.desktop.main.js:116:845)
    at e.doHandleActiveEditorChangeEvent (file:///usr/lib/code-oss/resources/app/out/vs/workbench/workbench.desktop.main.js:5779:290)
    at e.handleActiveEditorChange (file:///usr/lib/code-oss/resources/app/out/vs/workbench/workbench.desktop.main.js:5779:88)
    at file:///usr/lib/code-oss/resources/app/out/vs/workbench/workbench.desktop.main.js:5779:400
    at c.fire (file:///usr/lib/code-oss/resources/app/out/vs/workbench/workbench.desktop.main.js:116:845)
    at file:///usr/lib/code-oss/resources/app/out/vs/workbench/workbench.desktop.main.js:5937:990
    at async e.openEditor (file:///usr/lib/code-oss/resources/app/out/vs/workbench/workbench.desktop.main.js:5936:800)
    at async k.editorOpenHandler (file:///usr/lib/code-oss/resources/app/out/vs/workbench/workbench.desktop.main.js:6270:362)
    at async k.openEditor (file:///usr/lib/code-oss/resources/app/out/vs/workbench/workbench.desktop.main.js:5788:25)
    at async file:///usr/lib/code-oss/resources/app/out/vs/workbench/workbench.desktop.main.js:6246:409
[2020-03-06 16:13:38.893] [renderer1] [error] <semantic> TypeScript Server Error (3.7.5)
Debug Failure. False expression: Token end is child end
Error: Debug Failure. False expression: Token end is child end
    at processChildNode (tsserver.js:118166:34)
    at tsserver.js:118107:21
    at visitNode (tsserver.js:17626:24)
    at Object.forEachChild (tsserver.js:17758:24)
    at processNode (tsserver.js:118106:20)
    at processChildNode (tsserver.js:118172:21)
    at processChildNodes (tsserver.js:118223:48)
    at tsserver.js:118109:21
    at visitNodes (tsserver.js:17631:24)
    at Object.forEachChild (tsserver.js:17774:24)
    at processNode (tsserver.js:118106:20)
    at processChildNode (tsserver.js:118172:21)
    at tsserver.js:118107:21
    at visitNode (tsserver.js:17626:24)
    at Object.forEachChild (tsserver.js:17737:21)
    at processNode (tsserver.js:118106:20)
    at formatSpanWorker (tsserver.js:117921:17)
    at tsserver.js:117885:140
    at Object.getFormattingScanner (tsserver.js:116552:23)
    at Object.formatNodeGivenIndentation (tsserver.js:117885:31)
    at getFormattedTextOfNode (tsserver.js:119969:45)
    at format (tsserver.js:119941:52)
    at computeNewText (tsserver.js:119944:23)
    at tsserver.js:119914:89
    at Array.map (<anonymous>)
    at tsserver.js:119913:50
    at Array.map (<anonymous>)
    at Object.getTextChangesFromChanges (tsserver.js:119899:86)
    at ChangeTracker.getChanges (tsserver.js:119869:45)
    at Function.ChangeTracker.with (tsserver.js:119391:32)
    at Object.getCodeActions (tsserver.js:121172:64)
    at tsserver.js:120431:121
    at Object.flatMap (tsserver.js:468:25)
    at Object.getFixes (tsserver.js:120431:23)
    at tsserver.js:131114:35
    at Object.flatMap (tsserver.js:468:25)
    at Proxy.getCodeFixesAtPosition (tsserver.js:131112:23)
    at IOSession.Session.getCodeFixes (tsserver.js:140767:64)
    at Session.handlers.ts.createMapFromTemplate._a.<computed> (tsserver.js:139552:61)
    at tsserver.js:140960:88
    at IOSession.Session.executeWithRequestId (tsserver.js:140951:28)
    at IOSession.Session.executeCommand (tsserver.js:140960:33)
    at IOSession.Session.onMessage (tsserver.js:140983:35)
    at Interface.<anonymous> (tsserver.js:142298:27)
    at Interface.emit (events.js:200:13)
    at Interface._onLine (readline.js:314:10)
    at Interface._normalWrite (readline.js:459:12)
    at Socket.ondata (readline.js:170:10)
    at Socket.emit (events.js:200:13)
    at addChunk (_stream_readable.js:294:12)
    at readableAddChunk (_stream_readable.js:275:11)
    at Socket.Readable.push (_stream_readable.js:210:10)
    at Pipe.onStreamRead (internal/stream_base_commons.js:166:17): Error: <semantic> TypeScript Server Error (3.7.5)
Debug Failure. False expression: Token end is child end
Error: Debug Failure. False expression: Token end is child end
    at processChildNode (tsserver.js:118166:34)
    at tsserver.js:118107:21
    at visitNode (tsserver.js:17626:24)
    at Object.forEachChild (tsserver.js:17758:24)
    at processNode (tsserver.js:118106:20)
    at processChildNode (tsserver.js:118172:21)
    at processChildNodes (tsserver.js:118223:48)
    at tsserver.js:118109:21
    at visitNodes (tsserver.js:17631:24)
    at Object.forEachChild (tsserver.js:17774:24)
    at processNode (tsserver.js:118106:20)
    at processChildNode (tsserver.js:118172:21)
    at tsserver.js:118107:21
    at visitNode (tsserver.js:17626:24)
    at Object.forEachChild (tsserver.js:17737:21)
    at processNode (tsserver.js:118106:20)
    at formatSpanWorker (tsserver.js:117921:17)
    at tsserver.js:117885:140
    at Object.getFormattingScanner (tsserver.js:116552:23)
    at Object.formatNodeGivenIndentation (tsserver.js:117885:31)
    at getFormattedTextOfNode (tsserver.js:119969:45)
    at format (tsserver.js:119941:52)
    at computeNewText (tsserver.js:119944:23)
    at tsserver.js:119914:89
    at Array.map (<anonymous>)
    at tsserver.js:119913:50
    at Array.map (<anonymous>)
    at Object.getTextChangesFromChanges (tsserver.js:119899:86)
    at ChangeTracker.getChanges (tsserver.js:119869:45)
    at Function.ChangeTracker.with (tsserver.js:119391:32)
    at Object.getCodeActions (tsserver.js:121172:64)
    at tsserver.js:120431:121
    at Object.flatMap (tsserver.js:468:25)
    at Object.getFixes (tsserver.js:120431:23)
    at tsserver.js:131114:35
    at Object.flatMap (tsserver.js:468:25)
    at Proxy.getCodeFixesAtPosition (tsserver.js:131112:23)
    at IOSession.Session.getCodeFixes (tsserver.js:140767:64)
    at Session.handlers.ts.createMapFromTemplate._a.<computed> (tsserver.js:139552:61)
    at tsserver.js:140960:88
    at IOSession.Session.executeWithRequestId (tsserver.js:140951:28)
    at IOSession.Session.executeCommand (tsserver.js:140960:33)
    at IOSession.Session.onMessage (tsserver.js:140983:35)
    at Interface.<anonymous> (tsserver.js:142298:27)
    at Interface.emit (events.js:200:13)
    at Interface._onLine (readline.js:314:10)
    at Interface._normalWrite (readline.js:459:12)
    at Socket.ondata (readline.js:170:10)
    at Socket.emit (events.js:200:13)
    at addChunk (_stream_readable.js:294:12)
    at readableAddChunk (_stream_readable.js:275:11)
    at Socket.Readable.push (_stream_readable.js:210:10)
    at Pipe.onStreamRead (internal/stream_base_commons.js:166:17)
	at Function.create (/usr/lib/code-oss/resources/app/extensions/typescript-language-features/dist/extension.js:1:49087)
	at h.dispatchResponse (/usr/lib/code-oss/resources/app/extensions/typescript-language-features/dist/extension.js:1:213723)
	at h.dispatchMessage (/usr/lib/code-oss/resources/app/extensions/typescript-language-features/dist/extension.js:1:212641)
	at /usr/lib/code-oss/resources/app/extensions/typescript-language-features/dist/extension.js:1:212117
	at l.fire (/usr/lib/code-oss/resources/app/out/vs/workbench/services/extensions/node/extensionHostProcess.js:48:541)
	at t.Reader.onLengthData (/usr/lib/code-oss/resources/app/extensions/typescript-language-features/dist/extension.js:1:219194)
	at Socket.<anonymous> (/usr/lib/code-oss/resources/app/extensions/typescript-language-features/dist/extension.js:1:218842)
	at Socket.emit (events.js:200:13)
	at addChunk (_stream_readable.js:294:12)
	at readableAddChunk (_stream_readable.js:275:11)
	at Socket.Readable.push (_stream_readable.js:210:10)
	at Pipe.onStreamRead (internal/stream_base_commons.js:166:17)
[2020-03-06 16:20:35.871] [renderer1] [error] TreeError [MarkersView] Tree element not found: [object Object]: Error: TreeError [MarkersView] Tree element not found: [object Object]
    at t.ObjectTreeModel.getElementLocation (file:///usr/lib/code-oss/resources/app/out/vs/workbench/workbench.desktop.main.js:135:14)
    at t.ObjectTreeModel.isCollapsed (file:///usr/lib/code-oss/resources/app/out/vs/workbench/workbench.desktop.main.js:134:122)
    at H.isCollapsed (file:///usr/lib/code-oss/resources/app/out/vs/workbench/workbench.desktop.main.js:1070:430)
    at K.autoReveal (file:///usr/lib/code-oss/resources/app/out/vs/workbench/workbench.desktop.main.js:6310:830)
    at K.onActiveEditorChanged (file:///usr/lib/code-oss/resources/app/out/vs/workbench/workbench.desktop.main.js:6307:1005)
    at file:///usr/lib/code-oss/resources/app/out/vs/workbench/workbench.desktop.main.js:6306:862
    at file:///usr/lib/code-oss/resources/app/out/vs/workbench/workbench.desktop.main.js:113:203
    at c.fire (file:///usr/lib/code-oss/resources/app/out/vs/workbench/workbench.desktop.main.js:116:845)
    at e.doHandleActiveEditorChangeEvent (file:///usr/lib/code-oss/resources/app/out/vs/workbench/workbench.desktop.main.js:5779:290)
    at e.handleActiveEditorChange (file:///usr/lib/code-oss/resources/app/out/vs/workbench/workbench.desktop.main.js:5779:88)
    at file:///usr/lib/code-oss/resources/app/out/vs/workbench/workbench.desktop.main.js:5779:400
    at c.fire (file:///usr/lib/code-oss/resources/app/out/vs/workbench/workbench.desktop.main.js:116:845)
    at file:///usr/lib/code-oss/resources/app/out/vs/workbench/workbench.desktop.main.js:5937:990
    at async e.openEditor (file:///usr/lib/code-oss/resources/app/out/vs/workbench/workbench.desktop.main.js:5936:800)
    at async k.editorOpenHandler (file:///usr/lib/code-oss/resources/app/out/vs/workbench/workbench.desktop.main.js:6270:362)
    at async k.openEditor (file:///usr/lib/code-oss/resources/app/out/vs/workbench/workbench.desktop.main.js:5788:25)
    at async file:///usr/lib/code-oss/resources/app/out/vs/workbench/workbench.desktop.main.js:6246:409
[2020-03-06 16:25:02.492] [renderer1] [error] TreeError [MarkersView] Tree element not found: [object Object]: Error: TreeError [MarkersView] Tree element not found: [object Object]
    at t.ObjectTreeModel.getElementLocation (file:///usr/lib/code-oss/resources/app/out/vs/workbench/workbench.desktop.main.js:135:14)
    at t.ObjectTreeModel.isCollapsed (file:///usr/lib/code-oss/resources/app/out/vs/workbench/workbench.desktop.main.js:134:122)
    at H.isCollapsed (file:///usr/lib/code-oss/resources/app/out/vs/workbench/workbench.desktop.main.js:1070:430)
    at K.autoReveal (file:///usr/lib/code-oss/resources/app/out/vs/workbench/workbench.desktop.main.js:6310:830)
    at K.onActiveEditorChanged (file:///usr/lib/code-oss/resources/app/out/vs/workbench/workbench.desktop.main.js:6307:1005)
    at file:///usr/lib/code-oss/resources/app/out/vs/workbench/workbench.desktop.main.js:6306:862
    at file:///usr/lib/code-oss/resources/app/out/vs/workbench/workbench.desktop.main.js:113:203
    at c.fire (file:///usr/lib/code-oss/resources/app/out/vs/workbench/workbench.desktop.main.js:116:845)
    at e.doHandleActiveEditorChangeEvent (file:///usr/lib/code-oss/resources/app/out/vs/workbench/workbench.desktop.main.js:5779:290)
    at e.handleActiveEditorChange (file:///usr/lib/code-oss/resources/app/out/vs/workbench/workbench.desktop.main.js:5779:88)
    at file:///usr/lib/code-oss/resources/app/out/vs/workbench/workbench.desktop.main.js:5779:400
    at c.fire (file:///usr/lib/code-oss/resources/app/out/vs/workbench/workbench.desktop.main.js:116:845)
    at file:///usr/lib/code-oss/resources/app/out/vs/workbench/workbench.desktop.main.js:5937:990
    at async e.openEditor (file:///usr/lib/code-oss/resources/app/out/vs/workbench/workbench.desktop.main.js:5936:800)
    at async k.editorOpenHandler (file:///usr/lib/code-oss/resources/app/out/vs/workbench/workbench.desktop.main.js:6270:362)
    at async k.openEditor (file:///usr/lib/code-oss/resources/app/out/vs/workbench/workbench.desktop.main.js:5788:25)
    at async file:///usr/lib/code-oss/resources/app/out/vs/workbench/workbench.desktop.main.js:6246:409
[2020-03-06 16:25:12.079] [renderer1] [error] TreeError [MarkersView] Tree element not found: [object Object]: Error: TreeError [MarkersView] Tree element not found: [object Object]
    at t.ObjectTreeModel.getElementLocation (file:///usr/lib/code-oss/resources/app/out/vs/workbench/workbench.desktop.main.js:135:14)
    at t.ObjectTreeModel.isCollapsed (file:///usr/lib/code-oss/resources/app/out/vs/workbench/workbench.desktop.main.js:134:122)
    at H.isCollapsed (file:///usr/lib/code-oss/resources/app/out/vs/workbench/workbench.desktop.main.js:1070:430)
    at K.autoReveal (file:///usr/lib/code-oss/resources/app/out/vs/workbench/workbench.desktop.main.js:6310:830)
    at K.onActiveEditorChanged (file:///usr/lib/code-oss/resources/app/out/vs/workbench/workbench.desktop.main.js:6307:1005)
    at file:///usr/lib/code-oss/resources/app/out/vs/workbench/workbench.desktop.main.js:6306:862
    at file:///usr/lib/code-oss/resources/app/out/vs/workbench/workbench.desktop.main.js:113:203
    at c.fire (file:///usr/lib/code-oss/resources/app/out/vs/workbench/workbench.desktop.main.js:116:845)
    at e.doHandleActiveEditorChangeEvent (file:///usr/lib/code-oss/resources/app/out/vs/workbench/workbench.desktop.main.js:5779:290)
    at e.handleActiveEditorChange (file:///usr/lib/code-oss/resources/app/out/vs/workbench/workbench.desktop.main.js:5779:88)
    at file:///usr/lib/code-oss/resources/app/out/vs/workbench/workbench.desktop.main.js:5779:400
    at c.fire (file:///usr/lib/code-oss/resources/app/out/vs/workbench/workbench.desktop.main.js:116:845)
    at file:///usr/lib/code-oss/resources/app/out/vs/workbench/workbench.desktop.main.js:5937:990
    at async e.openEditor (file:///usr/lib/code-oss/resources/app/out/vs/workbench/workbench.desktop.main.js:5936:800)
    at async k.editorOpenHandler (file:///usr/lib/code-oss/resources/app/out/vs/workbench/workbench.desktop.main.js:6270:362)
    at async k.openEditor (file:///usr/lib/code-oss/resources/app/out/vs/workbench/workbench.desktop.main.js:5788:25)
    at async file:///usr/lib/code-oss/resources/app/out/vs/workbench/workbench.desktop.main.js:6246:409
[2020-03-06 16:37:08.001] [renderer1] [error] TreeError [MarkersView] Tree element not found: [object Object]: Error: TreeError [MarkersView] Tree element not found: [object Object]
    at t.ObjectTreeModel.getElementLocation (file:///usr/lib/code-oss/resources/app/out/vs/workbench/workbench.desktop.main.js:135:14)
    at t.ObjectTreeModel.isCollapsed (file:///usr/lib/code-oss/resources/app/out/vs/workbench/workbench.desktop.main.js:134:122)
    at H.isCollapsed (file:///usr/lib/code-oss/resources/app/out/vs/workbench/workbench.desktop.main.js:1070:430)
    at K.autoReveal (file:///usr/lib/code-oss/resources/app/out/vs/workbench/workbench.desktop.main.js:6310:830)
    at K.onActiveEditorChanged (file:///usr/lib/code-oss/resources/app/out/vs/workbench/workbench.desktop.main.js:6307:1005)
    at file:///usr/lib/code-oss/resources/app/out/vs/workbench/workbench.desktop.main.js:6306:862
    at file:///usr/lib/code-oss/resources/app/out/vs/workbench/workbench.desktop.main.js:113:203
    at c.fire (file:///usr/lib/code-oss/resources/app/out/vs/workbench/workbench.desktop.main.js:116:845)
    at e.doHandleActiveEditorChangeEvent (file:///usr/lib/code-oss/resources/app/out/vs/workbench/workbench.desktop.main.js:5779:290)
    at e.handleActiveEditorChange (file:///usr/lib/code-oss/resources/app/out/vs/workbench/workbench.desktop.main.js:5779:88)
    at file:///usr/lib/code-oss/resources/app/out/vs/workbench/workbench.desktop.main.js:5779:400
    at c.fire (file:///usr/lib/code-oss/resources/app/out/vs/workbench/workbench.desktop.main.js:116:845)
    at file:///usr/lib/code-oss/resources/app/out/vs/workbench/workbench.desktop.main.js:5937:990
    at async e.openEditor (file:///usr/lib/code-oss/resources/app/out/vs/workbench/workbench.desktop.main.js:5936:800)
    at async k.editorOpenHandler (file:///usr/lib/code-oss/resources/app/out/vs/workbench/workbench.desktop.main.js:6270:362)
    at async k.openEditor (file:///usr/lib/code-oss/resources/app/out/vs/workbench/workbench.desktop.main.js:5788:25)
    at async file:///usr/lib/code-oss/resources/app/out/vs/workbench/workbench.desktop.main.js:6246:409
[2020-03-06 16:37:21.800] [renderer1] [error] TreeError [MarkersView] Tree element not found: [object Object]: Error: TreeError [MarkersView] Tree element not found: [object Object]
    at t.ObjectTreeModel.getElementLocation (file:///usr/lib/code-oss/resources/app/out/vs/workbench/workbench.desktop.main.js:135:14)
    at t.ObjectTreeModel.isCollapsed (file:///usr/lib/code-oss/resources/app/out/vs/workbench/workbench.desktop.main.js:134:122)
    at H.isCollapsed (file:///usr/lib/code-oss/resources/app/out/vs/workbench/workbench.desktop.main.js:1070:430)
    at K.autoReveal (file:///usr/lib/code-oss/resources/app/out/vs/workbench/workbench.desktop.main.js:6310:830)
    at K.onActiveEditorChanged (file:///usr/lib/code-oss/resources/app/out/vs/workbench/workbench.desktop.main.js:6307:1005)
    at file:///usr/lib/code-oss/resources/app/out/vs/workbench/workbench.desktop.main.js:6306:862
    at file:///usr/lib/code-oss/resources/app/out/vs/workbench/workbench.desktop.main.js:113:203
    at c.fire (file:///usr/lib/code-oss/resources/app/out/vs/workbench/workbench.desktop.main.js:116:845)
    at e.doHandleActiveEditorChangeEvent (file:///usr/lib/code-oss/resources/app/out/vs/workbench/workbench.desktop.main.js:5779:290)
    at e.handleActiveEditorChange (file:///usr/lib/code-oss/resources/app/out/vs/workbench/workbench.desktop.main.js:5779:88)
    at file:///usr/lib/code-oss/resources/app/out/vs/workbench/workbench.desktop.main.js:5779:400
    at c.fire (file:///usr/lib/code-oss/resources/app/out/vs/workbench/workbench.desktop.main.js:116:845)
    at file:///usr/lib/code-oss/resources/app/out/vs/workbench/workbench.desktop.main.js:5937:990
    at async e.openEditor (file:///usr/lib/code-oss/resources/app/out/vs/workbench/workbench.desktop.main.js:5936:800)
    at async k.editorOpenHandler (file:///usr/lib/code-oss/resources/app/out/vs/workbench/workbench.desktop.main.js:6270:362)
    at async k.openEditor (file:///usr/lib/code-oss/resources/app/out/vs/workbench/workbench.desktop.main.js:5788:25)
    at async file:///usr/lib/code-oss/resources/app/out/vs/workbench/workbench.desktop.main.js:6246:409
[2020-03-06 16:39:03.105] [renderer1] [error] TreeError [MarkersView] Tree element not found: [object Object]: Error: TreeError [MarkersView] Tree element not found: [object Object]
    at t.ObjectTreeModel.getElementLocation (file:///usr/lib/code-oss/resources/app/out/vs/workbench/workbench.desktop.main.js:135:14)
    at t.ObjectTreeModel.isCollapsed (file:///usr/lib/code-oss/resources/app/out/vs/workbench/workbench.desktop.main.js:134:122)
    at H.isCollapsed (file:///usr/lib/code-oss/resources/app/out/vs/workbench/workbench.desktop.main.js:1070:430)
    at K.autoReveal (file:///usr/lib/code-oss/resources/app/out/vs/workbench/workbench.desktop.main.js:6310:830)
    at K.onActiveEditorChanged (file:///usr/lib/code-oss/resources/app/out/vs/workbench/workbench.desktop.main.js:6307:1005)
    at file:///usr/lib/code-oss/resources/app/out/vs/workbench/workbench.desktop.main.js:6306:862
    at file:///usr/lib/code-oss/resources/app/out/vs/workbench/workbench.desktop.main.js:113:203
    at c.fire (file:///usr/lib/code-oss/resources/app/out/vs/workbench/workbench.desktop.main.js:116:845)
    at e.doHandleActiveEditorChangeEvent (file:///usr/lib/code-oss/resources/app/out/vs/workbench/workbench.desktop.main.js:5779:290)
    at e.handleActiveEditorChange (file:///usr/lib/code-oss/resources/app/out/vs/workbench/workbench.desktop.main.js:5779:88)
    at file:///usr/lib/code-oss/resources/app/out/vs/workbench/workbench.desktop.main.js:5779:400
    at c.fire (file:///usr/lib/code-oss/resources/app/out/vs/workbench/workbench.desktop.main.js:116:845)
    at file:///usr/lib/code-oss/resources/app/out/vs/workbench/workbench.desktop.main.js:5937:990
    at async e.openEditor (file:///usr/lib/code-oss/resources/app/out/vs/workbench/workbench.desktop.main.js:5936:800)
    at async k.editorOpenHandler (file:///usr/lib/code-oss/resources/app/out/vs/workbench/workbench.desktop.main.js:6270:362)
    at async k.openEditor (file:///usr/lib/code-oss/resources/app/out/vs/workbench/workbench.desktop.main.js:5788:25)
    at async file:///usr/lib/code-oss/resources/app/out/vs/workbench/workbench.desktop.main.js:6246:409
[2020-03-06 16:59:13.051] [renderer1] [error] TreeError [MarkersView] Tree element not found: [object Object]: Error: TreeError [MarkersView] Tree element not found: [object Object]
    at t.ObjectTreeModel.getElementLocation (file:///usr/lib/code-oss/resources/app/out/vs/workbench/workbench.desktop.main.js:135:14)
    at t.ObjectTreeModel.isCollapsed (file:///usr/lib/code-oss/resources/app/out/vs/workbench/workbench.desktop.main.js:134:122)
    at H.isCollapsed (file:///usr/lib/code-oss/resources/app/out/vs/workbench/workbench.desktop.main.js:1070:430)
    at K.autoReveal (file:///usr/lib/code-oss/resources/app/out/vs/workbench/workbench.desktop.main.js:6310:830)
    at K.onActiveEditorChanged (file:///usr/lib/code-oss/resources/app/out/vs/workbench/workbench.desktop.main.js:6307:1005)
    at file:///usr/lib/code-oss/resources/app/out/vs/workbench/workbench.desktop.main.js:6306:862
    at file:///usr/lib/code-oss/resources/app/out/vs/workbench/workbench.desktop.main.js:113:203
    at c.fire (file:///usr/lib/code-oss/resources/app/out/vs/workbench/workbench.desktop.main.js:116:845)
    at e.doHandleActiveEditorChangeEvent (file:///usr/lib/code-oss/resources/app/out/vs/workbench/workbench.desktop.main.js:5779:290)
    at e.handleActiveEditorChange (file:///usr/lib/code-oss/resources/app/out/vs/workbench/workbench.desktop.main.js:5779:88)
    at file:///usr/lib/code-oss/resources/app/out/vs/workbench/workbench.desktop.main.js:5779:400
    at c.fire (file:///usr/lib/code-oss/resources/app/out/vs/workbench/workbench.desktop.main.js:116:845)
    at file:///usr/lib/code-oss/resources/app/out/vs/workbench/workbench.desktop.main.js:5937:990
    at async e.openEditor (file:///usr/lib/code-oss/resources/app/out/vs/workbench/workbench.desktop.main.js:5936:800)
    at async k.editorOpenHandler (file:///usr/lib/code-oss/resources/app/out/vs/workbench/workbench.desktop.main.js:6270:362)
    at async k.openEditor (file:///usr/lib/code-oss/resources/app/out/vs/workbench/workbench.desktop.main.js:5788:25)
    at async file:///usr/lib/code-oss/resources/app/out/vs/workbench/workbench.desktop.main.js:6246:409
[2020-03-06 17:02:07.190] [renderer1] [error] TreeError [MarkersView] Tree element not found: [object Object]: Error: TreeError [MarkersView] Tree element not found: [object Object]
    at t.ObjectTreeModel.getElementLocation (file:///usr/lib/code-oss/resources/app/out/vs/workbench/workbench.desktop.main.js:135:14)
    at t.ObjectTreeModel.isCollapsed (file:///usr/lib/code-oss/resources/app/out/vs/workbench/workbench.desktop.main.js:134:122)
    at H.isCollapsed (file:///usr/lib/code-oss/resources/app/out/vs/workbench/workbench.desktop.main.js:1070:430)
    at K.autoReveal (file:///usr/lib/code-oss/resources/app/out/vs/workbench/workbench.desktop.main.js:6310:830)
    at K.onActiveEditorChanged (file:///usr/lib/code-oss/resources/app/out/vs/workbench/workbench.desktop.main.js:6307:1005)
    at file:///usr/lib/code-oss/resources/app/out/vs/workbench/workbench.desktop.main.js:6306:862
    at file:///usr/lib/code-oss/resources/app/out/vs/workbench/workbench.desktop.main.js:113:203
    at c.fire (file:///usr/lib/code-oss/resources/app/out/vs/workbench/workbench.desktop.main.js:116:845)
    at e.doHandleActiveEditorChangeEvent (file:///usr/lib/code-oss/resources/app/out/vs/workbench/workbench.desktop.main.js:5779:290)
    at e.handleActiveEditorChange (file:///usr/lib/code-oss/resources/app/out/vs/workbench/workbench.desktop.main.js:5779:88)
    at file:///usr/lib/code-oss/resources/app/out/vs/workbench/workbench.desktop.main.js:5779:400
    at c.fire (file:///usr/lib/code-oss/resources/app/out/vs/workbench/workbench.desktop.main.js:116:845)
    at file:///usr/lib/code-oss/resources/app/out/vs/workbench/workbench.desktop.main.js:5937:990
    at async e.openEditor (file:///usr/lib/code-oss/resources/app/out/vs/workbench/workbench.desktop.main.js:5936:800)
    at async k.editorOpenHandler (file:///usr/lib/code-oss/resources/app/out/vs/workbench/workbench.desktop.main.js:6270:362)
    at async k.openEditor (file:///usr/lib/code-oss/resources/app/out/vs/workbench/workbench.desktop.main.js:5788:25)
    at async file:///usr/lib/code-oss/resources/app/out/vs/workbench/workbench.desktop.main.js:6246:409
[2020-03-06 17:10:54.179] [renderer1] [error] TreeError [MarkersView] Tree element not found: [object Object]: Error: TreeError [MarkersView] Tree element not found: [object Object]
    at t.ObjectTreeModel.getElementLocation (file:///usr/lib/code-oss/resources/app/out/vs/workbench/workbench.desktop.main.js:135:14)
    at t.ObjectTreeModel.isCollapsed (file:///usr/lib/code-oss/resources/app/out/vs/workbench/workbench.desktop.main.js:134:122)
    at H.isCollapsed (file:///usr/lib/code-oss/resources/app/out/vs/workbench/workbench.desktop.main.js:1070:430)
    at K.autoReveal (file:///usr/lib/code-oss/resources/app/out/vs/workbench/workbench.desktop.main.js:6310:830)
    at K.onActiveEditorChanged (file:///usr/lib/code-oss/resources/app/out/vs/workbench/workbench.desktop.main.js:6307:1005)
    at file:///usr/lib/code-oss/resources/app/out/vs/workbench/workbench.desktop.main.js:6306:862
    at file:///usr/lib/code-oss/resources/app/out/vs/workbench/workbench.desktop.main.js:113:203
    at c.fire (file:///usr/lib/code-oss/resources/app/out/vs/workbench/workbench.desktop.main.js:116:845)
    at e.doHandleActiveEditorChangeEvent (file:///usr/lib/code-oss/resources/app/out/vs/workbench/workbench.desktop.main.js:5779:290)
    at e.handleActiveEditorChange (file:///usr/lib/code-oss/resources/app/out/vs/workbench/workbench.desktop.main.js:5779:88)
    at file:///usr/lib/code-oss/resources/app/out/vs/workbench/workbench.desktop.main.js:5779:400
    at c.fire (file:///usr/lib/code-oss/resources/app/out/vs/workbench/workbench.desktop.main.js:116:845)
    at file:///usr/lib/code-oss/resources/app/out/vs/workbench/workbench.desktop.main.js:5937:990
    at async e.openEditor (file:///usr/lib/code-oss/resources/app/out/vs/workbench/workbench.desktop.main.js:5936:800)
    at async k.editorOpenHandler (file:///usr/lib/code-oss/resources/app/out/vs/workbench/workbench.desktop.main.js:6270:362)
    at async k.openEditor (file:///usr/lib/code-oss/resources/app/out/vs/workbench/workbench.desktop.main.js:5788:25)
    at async file:///usr/lib/code-oss/resources/app/out/vs/workbench/workbench.desktop.main.js:6246:409
