[2020-03-09 17:15:06.880] [renderer1] [error] <semantic> TypeScript Server Error (3.7.5)
Cannot read property 'kind' of undefined
TypeError: Cannot read property 'kind' of undefined
    at Object.isImportClause (tsserver.js:15455:21)
    at Object.deleteDeclaration (tsserver.js:120286:32)
    at _loop_9 (tsserver.js:119840:47)
    at ChangeTracker.finishDeleteDeclarations (tsserver.js:119847:21)
    at ChangeTracker.getChanges (tsserver.js:119867:22)
    at Function.ChangeTracker.with (tsserver.js:119391:32)
    at Object.getCodeActions (tsserver.js:124890:69)
    at tsserver.js:120431:121
    at Object.flatMap (tsserver.js:468:25)
    at Object.getFixes (tsserver.js:120431:23)
    at tsserver.js:131114:35
    at Object.flatMap (tsserver.js:468:25)
    at Proxy.getCodeFixesAtPosition (tsserver.js:131112:23)
    at IOSession.Session.getCodeFixes (tsserver.js:140767:64)
    at Session.handlers.ts.createMapFromTemplate._a.<computed> (tsserver.js:139552:61)
    at tsserver.js:140960:88
    at IOSession.Session.executeWithRequestId (tsserver.js:140951:28)
    at IOSession.Session.executeCommand (tsserver.js:140960:33)
    at IOSession.Session.onMessage (tsserver.js:140983:35)
    at Interface.<anonymous> (tsserver.js:142298:27)
    at Interface.emit (events.js:200:13)
    at Interface._onLine (readline.js:314:10)
    at Interface._normalWrite (readline.js:459:12)
    at Socket.ondata (readline.js:170:10)
    at Socket.emit (events.js:200:13)
    at addChunk (_stream_readable.js:294:12)
    at readableAddChunk (_stream_readable.js:275:11)
    at Socket.Readable.push (_stream_readable.js:210:10)
    at Pipe.onStreamRead (internal/stream_base_commons.js:166:17): Error: <semantic> TypeScript Server Error (3.7.5)
Cannot read property 'kind' of undefined
TypeError: Cannot read property 'kind' of undefined
    at Object.isImportClause (tsserver.js:15455:21)
    at Object.deleteDeclaration (tsserver.js:120286:32)
    at _loop_9 (tsserver.js:119840:47)
    at ChangeTracker.finishDeleteDeclarations (tsserver.js:119847:21)
    at ChangeTracker.getChanges (tsserver.js:119867:22)
    at Function.ChangeTracker.with (tsserver.js:119391:32)
    at Object.getCodeActions (tsserver.js:124890:69)
    at tsserver.js:120431:121
    at Object.flatMap (tsserver.js:468:25)
    at Object.getFixes (tsserver.js:120431:23)
    at tsserver.js:131114:35
    at Object.flatMap (tsserver.js:468:25)
    at Proxy.getCodeFixesAtPosition (tsserver.js:131112:23)
    at IOSession.Session.getCodeFixes (tsserver.js:140767:64)
    at Session.handlers.ts.createMapFromTemplate._a.<computed> (tsserver.js:139552:61)
    at tsserver.js:140960:88
    at IOSession.Session.executeWithRequestId (tsserver.js:140951:28)
    at IOSession.Session.executeCommand (tsserver.js:140960:33)
    at IOSession.Session.onMessage (tsserver.js:140983:35)
    at Interface.<anonymous> (tsserver.js:142298:27)
    at Interface.emit (events.js:200:13)
    at Interface._onLine (readline.js:314:10)
    at Interface._normalWrite (readline.js:459:12)
    at Socket.ondata (readline.js:170:10)
    at Socket.emit (events.js:200:13)
    at addChunk (_stream_readable.js:294:12)
    at readableAddChunk (_stream_readable.js:275:11)
    at Socket.Readable.push (_stream_readable.js:210:10)
    at Pipe.onStreamRead (internal/stream_base_commons.js:166:17)
	at Function.create (/usr/lib/code-oss/resources/app/extensions/typescript-language-features/dist/extension.js:1:49087)
	at h.dispatchResponse (/usr/lib/code-oss/resources/app/extensions/typescript-language-features/dist/extension.js:1:213723)
	at h.dispatchMessage (/usr/lib/code-oss/resources/app/extensions/typescript-language-features/dist/extension.js:1:212641)
	at /usr/lib/code-oss/resources/app/extensions/typescript-language-features/dist/extension.js:1:212117
	at l.fire (/usr/lib/code-oss/resources/app/out/vs/workbench/services/extensions/node/extensionHostProcess.js:48:541)
	at t.Reader.onLengthData (/usr/lib/code-oss/resources/app/extensions/typescript-language-features/dist/extension.js:1:219194)
	at Socket.<anonymous> (/usr/lib/code-oss/resources/app/extensions/typescript-language-features/dist/extension.js:1:218842)
	at Socket.emit (events.js:200:13)
	at addChunk (_stream_readable.js:294:12)
	at readableAddChunk (_stream_readable.js:275:11)
	at Socket.Readable.push (_stream_readable.js:210:10)
	at Pipe.onStreamRead (internal/stream_base_commons.js:166:17)
